**** CASO 0 ****

llave = 1
min_x = 4
min_y = 0
max_x = 4
max_y = 2
-----------------


llave = 2
min_x = 0
min_y = 0
max_x = 3
max_y = 3
-----------------


llave = 3
min_x = 1
min_y = 1
max_x = 1
max_y = 3
-----------------


llave = 4
min_x = 2
min_y = 3
max_x = 3
max_y = 3
-----------------


llave = 5
min_x = 2
min_y = 1
max_x = 4
max_y = 3
-----------------

**** CASO 1 ****

llave = 1
min_x = 2
min_y = 0
max_x = 4
max_y = 3
-----------------


llave = 2
min_x = 0
min_y = 0
max_x = 3
max_y = 3
-----------------


llave = 3
min_x = 1
min_y = 1
max_x = 3
max_y = 3
-----------------


llave = 4
min_x = 2
min_y = 1
max_x = 4
max_y = 3
-----------------

**** CASO 2 ****

llave = 1
min_x = 4
min_y = 0
max_x = 4
max_y = 2
-----------------


llave = 2
min_x = 0
min_y = 0
max_x = 3
max_y = 3
-----------------


llave = 3
min_x = 1
min_y = 1
max_x = 1
max_y = 3
-----------------


llave = 4
min_x = 2
min_y = 3
max_x = 3
max_y = 3
-----------------


llave = 5
min_x = 2
min_y = 1
max_x = 4
max_y = 3
-----------------

**** CASO 3 ****

llave = 1
min_x = 2
min_y = 0
max_x = 4
max_y = 3
-----------------


llave = 2
min_x = 0
min_y = 0
max_x = 3
max_y = 3
-----------------


llave = 3
min_x = 1
min_y = 1
max_x = 3
max_y = 3
-----------------


llave = 4
min_x = 2
min_y = 1
max_x = 4
max_y = 3
-----------------

**** CASO 4 ****

llave = 1
min_x = 0
min_y = 0
max_x = 1
max_y = 1
-----------------


llave = 2
min_x = 1
min_y = 1
max_x = 1
max_y = 1
-----------------

